<?xml version="1.0" encoding="UTF-8"?>
<testsuite xmlns:xsi="http://www.w3.org/2001/XMLSchema-instance" xsi:noNamespaceSchemaLocation="https://maven.apache.org/surefire/maven-surefire-plugin/xsd/surefire-test-report.xsd" name="ParserTest" time="0.14" tests="48" errors="0" skipped="0" failures="0">
  <properties>
[...]
</properties>
  <testcase name="testParseAnyDayOfWeek" classname="ParserTest" time="0.008"/>
  <testcase name="testParseAnyDayOfMonth" classname="ParserTest" time="0.001"/>
  <testcase name="testParseAllHour" classname="ParserTest" time="0"/>
  <testcase name="testParseAnyHour" classname="ParserTest" time="0.001"/>
  <testcase name="testParseValidHourIncrementAll" classname="ParserTest" time="0.004"/>
  <testcase name="testParseValidMinuteIncrementAll" classname="ParserTest" time="0.001"/>
  <testcase name="testParseAllMonth" classname="ParserTest" time="0.002"/>
  <testcase name="testParseValidDayOfMonthIncrementAll" classname="ParserTest" time="0.001"/>
  <testcase name="testParseEmptyHour" classname="ParserTest" time="0.006"/>
  <testcase name="testParseValidDayOfWeekRange" classname="ParserTest" time="0"/>
  <testcase name="testParseInvalidDayOfMonth" classname="ParserTest" time="0.001"/>
  <testcase name="testParseEmptyDayOfWeek" classname="ParserTest" time="0.001"/>
  <testcase name="testParseValidMinuteRange" classname="ParserTest" time="0.001"/>
  <testcase name="testParseValidDayOfWeekIncrementAll" classname="ParserTest" time="0.001"/>
  <testcase name="testEmptyInputString" classname="ParserTest" time="0.001"/>
  <testcase name="testParseEmptyMinute" classname="ParserTest" time="0.005"/>
  <testcase name="testParseAllDayOfMonth" classname="ParserTest" time="0"/>
  <testcase name="testParseAllMinute" classname="ParserTest" time="0"/>
  <testcase name="testParseValidMonthLast" classname="ParserTest" time="0.013"/>
  <testcase name="testParseAllDayOfWeek" classname="ParserTest" time="0.002"/>
  <testcase name="testParseValidDayOfMonthLast" classname="ParserTest" time="0"/>
  <testcase name="testParseValidSingleMonth" classname="ParserTest" time="0.002"/>
  <testcase name="testParseInvalidMinute" classname="ParserTest" time="0.002"/>
  <testcase name="testParseInvalidMonth" classname="ParserTest" time="0"/>
  <testcase name="testParseValidMonthIncrementAll" classname="ParserTest" time="0"/>
  <testcase name="testParseValidHourLast" classname="ParserTest" time="0"/>
  <testcase name="testParseValidMonthIncrement" classname="ParserTest" time="0"/>
  <testcase name="testParseValidDayOfWeekLast" classname="ParserTest" time="0"/>
  <testcase name="testParseValidSingleHour" classname="ParserTest" time="0.001"/>
  <testcase name="testParseValidMinuteIncrement" classname="ParserTest" time="0.001"/>
  <testcase name="testParseValidSingleDayOfMonth" classname="ParserTest" time="0.001"/>
  <testcase name="testParseAnyMonth" classname="ParserTest" time="0"/>
  <testcase name="testValidInputString" classname="ParserTest" time="0.006"/>
  <testcase name="testParseValidSingleDayOfWeek" classname="ParserTest" time="0"/>
  <testcase name="testParseValidMinuteLast" classname="ParserTest" time="0"/>
  <testcase name="testInvalidInputString" classname="ParserTest" time="0"/>
  <testcase name="testParseValidDayOfWeekIncrement" classname="ParserTest" time="0.001"/>
  <testcase name="testParseValidDayOfMonthRange" classname="ParserTest" time="0.001"/>
  <testcase name="testParseAnyMinute" classname="ParserTest" time="0.001"/>
  <testcase name="testParseInvalidHour" classname="ParserTest" time="0.001"/>
  <testcase name="testParseValidSingleMinute" classname="ParserTest" time="0"/>
  <testcase name="testParseValidHourRange" classname="ParserTest" time="0"/>
  <testcase name="testParseValidDayOfMonthIncrement" classname="ParserTest" time="0.001"/>
  <testcase name="testParseEmptyDayOfMonth" classname="ParserTest" time="0.002"/>
  <testcase name="testParseValidMonthRange" classname="ParserTest" time="0"/>
  <testcase name="testParseInvalidDayOfWeek" classname="ParserTest" time="0.001"/>
  <testcase name="testParseEmptyMonth" classname="ParserTest" time="0.001"/>
  <testcase name="testParseValidHourIncrement" classname="ParserTest" time="0.001"/>
</testsuite>